ispLEVER Auto-Make Log File
---------------------------

Updating: Create Fuse Map
Start to record tcl script...
Finished recording TCL script.

Starting: 'C:\ispLEVER_Classic2_0\ispcpld\bin\ahdl2blf.exe "secuenci.abl" -mod secuencialed -ojhd compile -def _PLSI_ _LATTICE_  -err automake.err -gui'

AHDL2BLF  ABEL-HDL Processor
ispLEVER Classic 2.0 Copyright(C), 1992-2005, Lattice Semiconductor Corporation. All rights reserved
Portions Copyright(c), 1992-1999, Vantis Corporation
Portions Copyright(C), 1993-1998, Data I/O Corporation
Portions Copyright(C), 1997-1998, MINC Washington Corporation
Portions Copyright(C), Alan Phillips, Lancaster University Computer Centre 1992-1998
Module: 'secuencialed'

  Processing equations...
  Processing state diagram.......

  Module parsing complete. Building logic network...

  Creating Open-ABEL 2 (BLIF) file secuencialed.bl0...



Module 'secuencialed' processing complete.

AHDL2BLF complete - 0 errors, 0 warnings. Time: 2 seconds

Done: completed successfully.

Starting: 'C:\ispLEVER_Classic2_0\ispcpld\bin\iblifopt.exe "secuencialed.bl0" -red bypin choose -collapse -pterms 8 -family -err automake.err -gui'

BLIFOPT  Open-ABEL Optimizer 
ispLEVER Classic 2.0 Copyright(C), 1992-2005, Lattice Semiconductor Corporation. All rights reserved
Portions Copyright(c), 1992-1999, Vantis Corporation
Portions Copyright(C), 1993-1998, Data I/O Corporation
Portions Copyright(C), 1997-1998, MINC Washington Corporation
Portions Copyright(C), Alan Phillips, Lancaster University Computer Centre 1992-1998
U.C. Berkeley, SIS Ver. 1.0, supported by Lattice Semiconductor Corp.
Reading Open-ABEL 2 file secuencialed.bl0...
Performing 'bypin choose' optimization...
Writing Open-ABEL 2 (BLIF) file secuencialed.bl1...

BLIFOPT complete - 0 errors, 0 warnings. Time: 1 seconds

Done: completed successfully.

Starting: 'C:\ispLEVER_Classic2_0\ispcpld\bin\iblflink.exe "secuencialed.bl1" -o "af3.bl2" -omod secuencialed -family -err automake.err -gui'

BLIFLINK  Top-Down Design Linker
ispLEVER Classic 2.0 Copyright(C), 1992-2005, Lattice Semiconductor Corporation. All rights reserved
Portions Copyright(c), 1992-1999, Vantis Corporation
Portions Copyright(C), 1993-1998, Data I/O Corporation
Portions Copyright(C), 1997-1998, MINC Washington Corporation
Portions Copyright(C), Alan Phillips, Lancaster University Computer Centre 1992-1998

Top-level file: 'secuencialed.bl1'

Hierarchical BLIF: 'af3.bl2'

BLIFLINK complete.  Time: 1 second 

Done: completed successfully.

Starting: 'C:\ispLEVER_Classic2_0\ispcpld\bin\iblifopt.exe af3.bl2 -red bypin choose -sweep -collapse all -pterms 8 -err automake.err -gui'

BLIFOPT  Open-ABEL Optimizer 
ispLEVER Classic 2.0 Copyright(C), 1992-2005, Lattice Semiconductor Corporation. All rights reserved
Portions Copyright(c), 1992-1999, Vantis Corporation
Portions Copyright(C), 1993-1998, Data I/O Corporation
Portions Copyright(C), 1997-1998, MINC Washington Corporation
Portions Copyright(C), Alan Phillips, Lancaster University Computer Centre 1992-1998
U.C. Berkeley, SIS Ver. 1.0, supported by Lattice Semiconductor Corp.
Reading Open-ABEL 2 file af3.bl2...
Performing 'bypin choose' optimization...
Writing Open-ABEL 2 (BLIF) file af3.bl3...

BLIFOPT complete - 0 errors, 0 warnings. Time: 1 seconds

Done: completed successfully.

Starting: 'C:\ispLEVER_Classic2_0\ispcpld\bin\idiofft.exe af3.bl3 -pla -o af3.tt2 -dev p22v10g -define N -err automake.err -gui'

DIOFFT  Flip-Flop Transformation program
ispLEVER Classic 2.0 Copyright(C), 1992-2005, Lattice Semiconductor Corporation. All rights reserved
Portions Copyright(c), 1992-1999, Vantis Corporation
Portions Copyright(C), 1993-1998, Data I/O Corporation
Portions Copyright(C), 1997-1998, MINC Washington Corporation
Portions Copyright(C), Alan Phillips, Lancaster University Computer Centre 1992-1998
Input file: af3.bl3.
Output file: af3.tt2.
Cross reference file: af3.xrf.

............
Shortening signal names...
Writing signal name cross reference file af3.xrf... 

DIOFFT complete. - Time 0 seconds

Done: completed successfully.

Starting: 'C:\ispLEVER_Classic2_0\ispcpld\bin\fit.exe af3.tt2 -dev p22v10g -str -err automake.err -gui'

FIT  Generic Device Fitter
ispLEVER Classic 2.0 Copyright(C), 1992-2005, Lattice Semiconductor Corporation. All rights reserved
Portions Copyright(c), 1992-1999, Vantis Corporation
Portions Copyright(C), 1993-1998, Data I/O Corporation
Portions Copyright(C), 1997-1998, MINC Washington Corporation
Portions Copyright(C), Alan Phillips, Lancaster University Computer Centre 1992-1998
Input file: 'af3.tt2'
Device 'p22v10g'
Design FITS
Pin-assigned pla: 'af3.tt3'

FIT complete.  Time: 1 second.

Done: completed successfully.

Starting: 'C:\ispLEVER_Classic2_0\ispcpld\bin\fuseasm.exe af3.tt3 -dev p22v10g -o af3.jed -ivec NoInput.tmv -rep af3.rpt -doc brief -con ptblown -for brief -err automake.err -gui'

FUSEASM  Fusemap Assembler
ispLEVER Classic 2.0 Copyright(C), 1992-2005, Lattice Semiconductor Corporation. All rights reserved
Portions Copyright(c), 1992-1999, Vantis Corporation
Portions Copyright(C), 1993-1998, Data I/O Corporation
Portions Copyright(C), 1997-1998, MINC Washington Corporation
Portions Copyright(C), Alan Phillips, Lancaster University Computer Centre 1992-1998
Note 5144: Could not open vector file NoInput.tmv

Input file: 'af3.tt3'
Device: 'P22V10G'
Building model...
Choosing best polarities...
Mapping equations...
..
38 of 132 terms used; 0 vectors loaded
Programmer load file: 'af3.jed'
Generating report...
Report file: 'af3.rpt'

FUSEASM complete.  Time: 1 second 

Done: completed successfully.

Starting: 'C:\ispLEVER_Classic2_0\ispcpld\bin\synsvf.exe -exe "C:\ispLEVER_Classic2_0\ispvmsystem/ispufw" -prj af3 -if af3.jed -j2s -log af3.svl -gui'

Need not generate svf file according to the constraints, exit
Done: completed successfully.
